[90m[2024-01-06 10:10:41.225] [0;0;0m[1m[91m[ERROR] Exception in build process: [1m[91mError: [90msrc/build.hpp:37[0;0;0m Input file is missing[0;0;0m
[90m[2024-01-06 10:10:57.105] [0;0;0m[1m[91m[ERROR] Exception in build process: [1m[91mError: [90mclib/files.hpp:111[0;0;0m Unable to open file for reading: /tests.cpp[0;0;0m
[90m[2024-01-06 10:11:17.192] [0;0;0m[1m[91m[ERROR] Exception in build process: [1m[91mError: [90msrc/build.hpp:40[0;0;0m Input file is not found: [90m../../../../tests.cpp[0;0;0m[0;0;0m
[90m[2024-01-06 10:11:22.398] [0;0;0m[1m[91m[ERROR] Exception in build process: [1m[91mError: [90msrc/build.hpp:40[0;0;0m Input file is not found: [90m../../../../../tests.cpp[0;0;0m[0;0;0m
[90m[2024-01-06 10:11:27.807] [0;0;0m[1m[91m[ERROR] Exception in build process: [1m[91mError: [90msrc/build.hpp:40[0;0;0m Input file is not found: [90m../../../../../../tests.cpp[0;0;0m[0;0;0m
[90m[2024-01-06 10:11:39.512] [0;0;0m[1m[91m[ERROR] Exception in build process: [1m[91mError: [90msrc/build.hpp:40[0;0;0m Input file is not found: [90m../../../tests.cpp[0;0;0m[0;0;0m
[90m[2024-01-06 10:11:49.832] [0;0;0m[1m[91m[ERROR] Exception in build process: [1m[91mError: [90msrc/build.hpp:40[0;0;0m Input file is not found: [90m.tests.cpp[0;0;0m[0;0;0m
[90m[2024-01-06 10:11:55.247] [0;0;0m[1m[91m[ERROR] Exception in build process: [1m[91mError: [90mclib/files.hpp:111[0;0;0m Unable to open file for reading: /tests.cpp[0;0;0m
[90m[2024-01-06 10:12:02.214] [0;0;0m[1m[91m[ERROR] Exception in build process: [1m[91mError: [90msrc/build.hpp:40[0;0;0m Input file is not found: [90m../tests.cpp[0;0;0m[0;0;0m
[90m[2024-01-06 10:12:06.310] [0;0;0m[1m[91m[ERROR] Exception in build process: [1m[91mError: [90msrc/build.hpp:40[0;0;0m Input file is not found: [90m../../tests.cpp[0;0;0m[0;0;0m
[90m[2024-01-06 10:12:10.317] [0;0;0m[1m[91m[ERROR] Exception in build process: [1m[91mError: [90msrc/build.hpp:40[0;0;0m Input file is not found: [90m../../../tests.cpp[0;0;0m[0;0;0m
[90m[2024-01-06 10:12:33.676] [0;0;0m[1m[91m[ERROR] Exception in build process: [1m[91mError: [90mclib/files.hpp:111[0;0;0m Unable to open file for reading: /tests.cpp[0;0;0m
[90m[2024-01-06 10:12:40.918] [0;0;0m[1m[91m[ERROR] Exception in build process: [1m[91mError: [90msrc/build.hpp:40[0;0;0m Input file is not found: [90m../../../tests.cpp[0;0;0m[0;0;0m
[90m[2024-01-06 10:12:54.455] [0;0;0m[1m[91m[ERROR] Exception in build process: [1m[91mError: [90mclib/files.hpp:111[0;0;0m Unable to open file for reading: /tests.cpp[0;0;0m
[90m[2024-01-06 10:13:47.299] [0;0;0m[1m[91m[ERROR] Exception in build process: [1m[91mError: [90mclib/files.hpp:111[0;0;0m Unable to open file for reading: /tests.cpp[0;0;0m
[90m[2024-01-06 10:13:55.223] [0;0;0m[1m[91m[ERROR] Exception in build process: [1m[91mError: [90msrc/build.hpp:40[0;0;0m Input file is not found: [90m../tests.cpp[0;0;0m[0;0;0m
[90m[2024-01-06 10:14:27.093] [0;0;0m[1m[91m[ERROR] Exception in build process: [1m[91mError: [90msrc/build.hpp:40[0;0;0m Input file is not found: [90m../tests.cpp[0;0;0m[0;0;0m
[90m[2024-01-06 10:14:47.566] [0;0;0m[1m[91m[ERROR] Exception in build process: [1m[91mError: [90mclib/files.hpp:111[0;0;0m Unable to open file for reading: /tests.cpp[0;0;0m
[90m[2024-01-06 10:15:01.134] [0;0;0m[1m[91m[ERROR] Exception in build process: [1m[91mError: [90mclib/files.hpp:111[0;0;0m Unable to open file for reading: /tests.cpp[0;0;0m
[90m[2024-01-06 10:15:17.854] [0;0;0m[1m[91m[ERROR] Exception in build process: [1m[91mError: [90mclib/files.hpp:111[0;0;0m Unable to open file for reading: /tests.cpp[0;0;0m
[90m[2024-01-06 10:15:20.402] [0;0;0m[1m[91m[ERROR] Exception in build process: [1m[91mError: [90mclib/files.hpp:111[0;0;0m Unable to open file for reading: /tests.cpp[0;0;0m
[90m[2024-01-06 10:15:52.738] [0;0;0m[1m[91m[ERROR] Exception in build process: [1m[91mError: [90mclib/files.hpp:111[0;0;0m Unable to open file for reading: /tests.cpp[0;0;0m
[90m[2024-01-06 10:15:58.879] [0;0;0m[1m[91m[ERROR] Exception in build process: [1m[91mError: [90mclib/files.hpp:111[0;0;0m Unable to open file for reading: /tests.cpp[0;0;0m
[90m[2024-01-06 10:16:02.886] [0;0;0m[1m[91m[ERROR] Exception in build process: [1m[91mError: [90mclib/files.hpp:111[0;0;0m Unable to open file for reading: ../tests.cpp[0;0;0m
[90m[2024-01-06 10:16:06.040] [0;0;0m[1m[91m[ERROR] Exception in build process: [1m[91mError: [90mclib/files.hpp:111[0;0;0m Unable to open file for reading: ../../tests.cpp[0;0;0m
[90m[2024-01-06 10:16:09.951] [0;0;0m[1m[91m[ERROR] Exception in build process: [1m[91mError: [90mclib/files.hpp:111[0;0;0m Unable to open file for reading: ../../../tests.cpp[0;0;0m
[90m[2024-01-06 10:16:14.047] [0;0;0m[1m[91m[ERROR] Exception in build process: [1m[91mError: [90mclib/files.hpp:111[0;0;0m Unable to open file for reading: ../../../../tests.cpp[0;0;0m
[90m[2024-01-06 10:16:18.887] [0;0;0m[1m[91m[ERROR] Exception in build process: [1m[91mError: [90mclib/files.hpp:111[0;0;0m Unable to open file for reading: ../../../../../tests.cpp[0;0;0m
[90m[2024-01-06 10:16:22.263] [0;0;0m[1m[91m[ERROR] Exception in build process: [1m[91mError: [90mclib/files.hpp:111[0;0;0m Unable to open file for reading: ../../../../../../tests.cpp[0;0;0m
[90m[2024-01-06 10:16:27.127] [0;0;0m[1m[91m[ERROR] Exception in build process: [1m[91mError: [90mclib/files.hpp:111[0;0;0m Unable to open file for reading: ../../../../../../../tests.cpp[0;0;0m
[90m[2024-01-06 10:16:33.164] [0;0;0m[1m[91m[ERROR] Exception in build process: [1m[91mError: [90mclib/files.hpp:111[0;0;0m Unable to open file for reading: ../../../../../../../../tests.cpp[0;0;0m
[90m[2024-01-06 10:16:36.646] [0;0;0m[1m[91m[ERROR] Exception in build process: [1m[91mError: [90mclib/files.hpp:111[0;0;0m Unable to open file for reading: ../../../../../../../../../tests.cpp[0;0;0m
[90m[2024-01-06 10:16:50.125] [0;0;0m[1m[91m[ERROR] Exception in build process: [1m[91mError: [90mclib/files.hpp:111[0;0;0m Unable to open file for reading: home/gyula/c/remote-desk/tests.cpp[0;0;0m
[90m[2024-01-06 10:17:11.341] [0;0;0m[1m[91m[ERROR] Exception in build process: [1m[91mError: [90mclib/files.hpp:111[0;0;0m Unable to open file for reading: ~/c/remote-desk/tests.cpp[0;0;0m
[90m[2024-01-06 10:17:17.468] [0;0;0m[1m[91m[ERROR] Exception in build process: [1m[91mError: [90mclib/files.hpp:111[0;0;0m Unable to open file for reading: home/gyula/c/remote-desk/tests.cpp[0;0;0m
[90m[2024-01-06 10:17:30.483] [0;0;0m[1m[91m[ERROR] Exception in build process: [1m[91mError: [90mclib/files.hpp:111[0;0;0m Unable to open file for reading: home/gyula/c/remote-desk/tests.cpp[0;0;0m
[90m[2024-01-06 10:18:04.508] [0;0;0m[1m[91m[ERROR] Exception in build process: [1m[91mError: [90mclib/files.hpp:111[0;0;0m Unable to open file for reading: home/gyula/c/remote-desk/tests.cpp[0;0;0m
[90m[2024-01-06 10:18:31.837] [0;0;0m[1m[91m[ERROR] Exception in build process: [1m[91mError: [90msrc/hppcut.hpp:716[0;0;0m Invalid file extension: [90mhome/gyula/c/remote-desk/tests.cpp1[0;0;0m, only files with extensions: .cpp, .c[0;0;0m
[90m[2024-01-06 10:18:38.357] [0;0;0m[1m[91m[ERROR] Exception in build process: [1m[91mError: [90mclib/files.hpp:111[0;0;0m Unable to open file for reading: home/gyula/c/remote-desk/tests1.cpp[0;0;0m
[90m[2024-01-06 10:18:42.445] [0;0;0m[1m[91m[ERROR] Exception in build process: [1m[91mError: [90mclib/files.hpp:111[0;0;0m Unable to open file for reading: home/gyula/c/remote-desk/tests.cpp[0;0;0m
[90m[2024-01-06 10:19:28.917] [0;0;0m[1m[91m[ERROR] Exception in build process: [1m[91mError: [90mclib/files.hpp:111[0;0;0m Unable to open file for reading: ../home/gyula/c/remote-desk/tests.cpp[0;0;0m
[90m[2024-01-06 10:19:34.221] [0;0;0m[1m[91m[ERROR] Exception in build process: [1m[91mError: [90mclib/files.hpp:111[0;0;0m Unable to open file for reading: ../../home/gyula/c/remote-desk/tests.cpp[0;0;0m
[90m[2024-01-06 10:19:39.245] [0;0;0m[1m[91m[ERROR] Exception in build process: [1m[91mError: [90mclib/files.hpp:111[0;0;0m Unable to open file for reading: ../../../home/gyula/c/remote-desk/tests.cpp[0;0;0m
[90m[2024-01-06 10:19:44.056] [0;0;0m[1m[91m[ERROR] Exception in build process: [1m[91mError: [90mclib/files.hpp:111[0;0;0m Unable to open file for reading: ../../../../home/gyula/c/remote-desk/src/UDPClient.hpp[0;0;0m
[90m[2024-01-06 10:19:48.650] [0;0;0m[1m[91m[ERROR] Exception in build process: [1m[91mError: [90mclib/files.hpp:111[0;0;0m Unable to open file for reading: ../../../../../home/gyula/c/remote-desk/src/UDPClient.hpp[0;0;0m
[90m[2024-01-06 10:19:52.923] [0;0;0m[1m[91m[ERROR] Exception in build process: [1m[91mError: [90mclib/files.hpp:111[0;0;0m Unable to open file for reading: ../../../../../../home/gyula/c/remote-desk/src/UDPClient.hpp[0;0;0m
[90m[2024-01-06 10:19:58.413] [0;0;0m[1m[91m[ERROR] Exception in build process: [1m[91mError: [90mclib/files.hpp:111[0;0;0m Unable to open file for reading: ../../../../../../../home/gyula/c/remote-desk/src/UDPClient.hpp[0;0;0m
[90m[2024-01-06 10:20:02.873] [0;0;0m[1m[91m[ERROR] Exception in build process: [1m[91mError: [90mclib/files.hpp:111[0;0;0m Unable to open file for reading: ../../../../../../../../home/gyula/c/remote-desk/src/UDPClient.hpp[0;0;0m
[90m[2024-01-06 10:20:06.706] [0;0;0m[1m[91m[ERROR] Exception in build process: [1m[91mError: [90mclib/files.hpp:111[0;0;0m Unable to open file for reading: ../../../../../../../../../home/gyula/c/remote-desk/src/UDPClient.hpp[0;0;0m
[90m[2024-01-06 10:20:12.393] [0;0;0m[1m[91m[ERROR] Exception in build process: [1m[91mError: [90mclib/files.hpp:111[0;0;0m Unable to open file for reading: ../../../../../../../../../../home/gyula/c/remote-desk/src/UDPClient.hpp[0;0;0m
[90m[2024-01-06 10:20:16.345] [0;0;0m[1m[91m[ERROR] Exception in build process: [1m[91mError: [90mclib/files.hpp:111[0;0;0m Unable to open file for reading: ../../../../../../../../../../../home/gyula/c/remote-desk/src/UDPClient.hpp[0;0;0m
[90m[2024-01-06 10:20:20.579] [0;0;0m[1m[91m[ERROR] Exception in build process: [1m[91mError: [90mclib/files.hpp:111[0;0;0m Unable to open file for reading: ../../../../../../../../../../../../home/gyula/c/remote-desk/src/UDPClient.hpp[0;0;0m
[90m[2024-01-06 10:20:24.823] [0;0;0m[1m[91m[ERROR] Exception in build process: [1m[91mError: [90mclib/files.hpp:111[0;0;0m Unable to open file for reading: ../../../../../../../../../../../../../home/gyula/c/remote-desk/src/UDPClient.hpp[0;0;0m
[90m[2024-01-06 10:20:30.120] [0;0;0m[1m[91m[ERROR] Exception in build process: [1m[91mError: [90mclib/files.hpp:111[0;0;0m Unable to open file for reading: ../../../../../../../../../../../../../../home/gyula/c/remote-desk/src/UDPClient.hpp[0;0;0m
[90m[2024-01-06 10:20:36.812] [0;0;0m[1m[91m[ERROR] Exception in build process: [1m[91mError: [90mclib/files.hpp:111[0;0;0m Unable to open file for reading: ../../../../../../../../../../../../../../../home/gyula/c/remote-desk/src/UDPClient.hpp[0;0;0m
[90m[2024-01-06 10:20:52.146] [0;0;0m[1m[91m[ERROR] Exception in build process: [1m[91mError: [90mclib/files.hpp:111[0;0;0m Unable to open file for reading: ../../../../../../../../../../../../../../../home/gyula/c/remote-desk/src/UDPClient.hpp[0;0;0m
[90m[2024-01-06 10:21:08.287] [0;0;0m[1m[91m[ERROR] Exception in build process: [1m[91mError: [90mclib/files.hpp:111[0;0;0m Unable to open file for reading: ../../../../../../../../../../../../../../home/gyula/c/remote-desk/src/UDPClient.hpp[0;0;0m
[90m[2024-01-06 10:21:13.263] [0;0;0m[1m[91m[ERROR] Exception in build process: [1m[91mError: [90mclib/files.hpp:111[0;0;0m Unable to open file for reading: ../../../../../../../../../../../../../home/gyula/c/remote-desk/src/UDPClient.hpp[0;0;0m
[90m[2024-01-06 10:21:17.738] [0;0;0m[1m[91m[ERROR] Exception in build process: [1m[91mError: [90mclib/files.hpp:111[0;0;0m Unable to open file for reading: ../../../../../../../../../../../../home/gyula/c/remote-desk/src/UDPClient.hpp[0;0;0m
[90m[2024-01-06 10:21:24.860] [0;0;0m[1m[91m[ERROR] Exception in build process: [1m[91mError: [90mclib/files.hpp:111[0;0;0m Unable to open file for reading: ../../../../../../../../../../../home/gyula/c/remote-desk/src/UDPClient.hpp[0;0;0m
[90m[2024-01-06 10:21:30.053] [0;0;0m[1m[91m[ERROR] Exception in build process: [1m[91mError: [90mclib/files.hpp:111[0;0;0m Unable to open file for reading: ../../../../../../../../../../home/gyula/c/remote-desk/src/UDPClient.hpp[0;0;0m
[90m[2024-01-06 10:21:34.594] [0;0;0m[1m[91m[ERROR] Exception in build process: [1m[91mError: [90mclib/files.hpp:111[0;0;0m Unable to open file for reading: ../../../../../../../../../home/gyula/c/remote-desk/src/UDPClient.hpp[0;0;0m
[90m[2024-01-06 10:21:39.322] [0;0;0m[1m[91m[ERROR] Exception in build process: [1m[91mError: [90mclib/files.hpp:111[0;0;0m Unable to open file for reading: ../../../../../../../../home/gyula/c/remote-desk/src/UDPClient.hpp[0;0;0m
[90m[2024-01-06 10:21:45.737] [0;0;0m[1m[91m[ERROR] Exception in build process: [1m[91mError: [90mclib/files.hpp:111[0;0;0m Unable to open file for reading: ../../../../../../../home/gyula/c/remote-desk/src/UDPClient.hpp[0;0;0m
[90m[2024-01-06 10:21:50.780] [0;0;0m[1m[91m[ERROR] Exception in build process: [1m[91mError: [90mclib/files.hpp:111[0;0;0m Unable to open file for reading: ../../../../../../home/gyula/c/remote-desk/src/UDPClient.hpp[0;0;0m
[90m[2024-01-06 10:21:56.172] [0;0;0m[1m[91m[ERROR] Exception in build process: [1m[91mError: [90mclib/files.hpp:111[0;0;0m Unable to open file for reading: ../../../../../home/gyula/c/remote-desk/src/UDPClient.hpp[0;0;0m
[90m[2024-01-06 10:22:01.475] [0;0;0m[1m[91m[ERROR] Exception in build process: [1m[91mError: [90mclib/files.hpp:111[0;0;0m Unable to open file for reading: ../../../../home/gyula/c/remote-desk/src/UDPClient.hpp[0;0;0m
[90m[2024-01-06 10:22:07.354] [0;0;0m[1m[91m[ERROR] Exception in build process: [1m[91mError: [90mclib/files.hpp:111[0;0;0m Unable to open file for reading: ../../../home/gyula/c/remote-desk/tests.cpp[0;0;0m
[90m[2024-01-06 10:22:33.935] [0;0;0m[1m[91m[ERROR] Exception in build process: [1m[91mError: [90mclib/files.hpp:111[0;0;0m Unable to open file for reading: ../../../gyula/c/remote-desk/src/UDPClient.hpp[0;0;0m
[90m[2024-01-06 10:22:41.475] [0;0;0m[1m[91m[ERROR] Exception in build process: [1m[91mError: [90mclib/files.hpp:111[0;0;0m Unable to open file for reading: ../../c/remote-desk/src/UDPClient.hpp[0;0;0m
[90m[2024-01-06 10:22:49.173] [0;0;0m[1m[91m[ERROR] Exception in build process: [1m[91mError: [90mclib/files.hpp:111[0;0;0m Unable to open file for reading: ../remote-desk/src/UDPClient.hpp[0;0;0m
[90m[2024-01-06 10:23:01.051] [0;0;0m[1m[91m[ERROR] Exception in build process: [1m[91mError: [90mclib/files.hpp:111[0;0;0m Unable to open file for reading: /tests.cpp[0;0;0m
[90m[2024-01-06 10:23:08.288] [0;0;0m[1m[91m[ERROR] Exception in build process: [1m[91mError: [90mclib/files.hpp:111[0;0;0m Unable to open file for reading: /tests.cpp[0;0;0m
[90m[2024-01-06 10:23:15.626] [0;0;0m[1m[91m[ERROR] Exception in build process: [1m[91mError: [90mclib/files.hpp:111[0;0;0m Unable to open file for reading: ../remote-desk/src/UDPClient.hpp[0;0;0m
[90m[2024-01-06 10:26:17.880] [0;0;0m[1m[91m[ERROR] Exception in build process: [1m[91mError: [90mclib/files.hpp:111[0;0;0m Unable to open file for reading: /tests.cpp[0;0;0m
[90m[2024-01-06 10:26:56.502] [0;0;0m[1m[91m[ERROR] Exception in build process: [1m[91mError: [90mclib/files.hpp:111[0;0;0m Unable to open file for reading: /tests.cpp[0;0;0m
[90m[2024-01-06 11:00:20.277] [0;0;0m[1m[91m[ERROR] Exception in build process: [1m[91mError: [90mclib/files.hpp:111[0;0;0m Unable to open file for reading: /tests.cpp[0;0;0m
[90m[2024-01-06 11:00:30.390] [0;0;0m[1m[91m[ERROR] Exception in build process: [1m[91mError: [90mclib/files.hpp:111[0;0;0m Unable to open file for reading: /tests.cpp[0;0;0m
[90m[2024-01-06 11:00:37.417] [0;0;0m[1m[91m[ERROR] Exception in build process: [1m[91mError: [90mclib/files.hpp:111[0;0;0m Unable to open file for reading: /tests.cpp[0;0;0m
[90m[2024-01-06 11:00:49.217] [0;0;0m[1m[91m[ERROR] Exception in build process: [1m[91mError: [90mclib/files.hpp:111[0;0;0m Unable to open file for reading: ../remote-desk/src/UDPClient.hpp[0;0;0m
[90m[2024-01-06 11:06:28.116] [0;0;0m[1m[91m[ERROR] Exception in build process: [1m[91mError: [90mclib/files.hpp:111[0;0;0m Unable to open file for reading: ../remote-desk/src/UDPClient.hpp[0;0;0m
[90m[2024-01-06 11:06:34.390] [0;0;0m[1m[91m[ERROR] Exception in build process: [1m[91mError: [90mclib/files.hpp:111[0;0;0m Unable to open file for reading: /tests.cpp[0;0;0m
[90m[2024-01-06 11:06:38.243] [0;0;0m[1m[91m[ERROR] Exception in build process: [1m[91mError: [90mclib/files.hpp:111[0;0;0m Unable to open file for reading: /tests.cpp[0;0;0m
[90m[2024-01-06 11:06:41.234] [0;0;0m[1m[91m[ERROR] Exception in build process: [1m[91mError: [90mclib/files.hpp:111[0;0;0m Unable to open file for reading: ../remote-desk/src/UDPClient.hpp[0;0;0m
[90m[2024-01-06 11:10:01.522] [0;0;0m[1m[91m[ERROR] Exception in build process: [1m[91mError: [90mclib/files.hpp:111[0;0;0m Unable to open file for reading: /tests.cpp[0;0;0m
[90m[2024-01-06 11:11:19.499] [0;0;0m[1m[91m[ERROR] Exception in build process: [1m[91mError: [90mclib/files.hpp:111[0;0;0m Unable to open file for reading: /tests.cpp[0;0;0m
[90m[2024-01-06 11:15:11.213] [0;0;0m[1m[91m[ERROR] Exception in build process: [1m[91mError: [90mclib/files.hpp:111[0;0;0m Unable to open file for reading: /tests.cpp[0;0;0m
[90m[2024-01-06 11:15:14.432] [0;0;0m[1m[91m[ERROR] Exception in build process: [1m[91mError: [90mclib/files.hpp:111[0;0;0m Unable to open file for reading: /tests.cpp[0;0;0m
[90m[2024-01-06 11:15:18.087] [0;0;0m[1m[91m[ERROR] Exception in build process: [1m[91mError: [90mclib/files.hpp:111[0;0;0m Unable to open file for reading: /tests.cpp[0;0;0m
[90m[2024-01-06 11:17:01.503] [0;0;0m[1m[91m[ERROR] Exception in build process: [1m[91mError: [90mclib/files.hpp:111[0;0;0m Unable to open file for reading: /tests.cpp[0;0;0m
[90m[2024-01-06 11:17:07.092] [0;0;0m[1m[91m[ERROR] Exception in build process: [1m[91mError: [90mclib/files.hpp:111[0;0;0m Unable to open file for reading: /tests.cpp[0;0;0m
[90m[2024-01-06 11:17:40.094] [0;0;0m[1m[91m[ERROR] Exception in build process: [1m[91mError: [90mclib/files.hpp:111[0;0;0m Unable to open file for reading: /tests.cpp[0;0;0m
[90m[2024-01-06 11:18:32.011] [0;0;0m[1m[91m[ERROR] Exception in build process: [1m[91mError: [90mclib/files.hpp:111[0;0;0m Unable to open file for reading: /tests.cpp[0;0;0m
[90m[2024-01-06 11:20:29.674] [0;0;0m[1m[91m[ERROR] Exception in build process: [1m[91mError: [90mclib/files.hpp:111[0;0;0m Unable to open file for reading: /home/gyula/c/remote-desk/src/UDPClient.hpp[0;0;0m
[90m[2024-01-06 11:23:12.199] [0;0;0m[1m[91m[ERROR] Command output contains error(s).[0;0;0m
[90m[2024-01-06 11:23:12.199] [0;0;0m[1m[91m[ERROR] Exception in build process: [1m[91mError: [90msrc/build.hpp:78[0;0;0m Execution failed[0;0;0m
[90m[2024-01-06 11:23:58.339] [0;0;0m[1m[91m[ERROR] Command output contains error(s).[0;0;0m
[90m[2024-01-06 11:23:58.340] [0;0;0m[1m[91m[ERROR] Exception in build process: [1m[91mError: [90msrc/build.hpp:78[0;0;0m Execution failed[0;0;0m
[90m[2024-01-06 11:24:52.988] [0;0;0m[1m[91m[ERROR] Command output contains error(s).[0;0;0m
[90m[2024-01-06 11:24:52.988] [0;0;0m[1m[91m[ERROR] Exception in build process: [1m[91mError: [90msrc/build.hpp:78[0;0;0m Execution failed[0;0;0m
[90m[2024-01-06 11:25:51.515] [0;0;0m[1m[91m[ERROR] Command output contains error(s).[0;0;0m
[90m[2024-01-06 11:25:51.516] [0;0;0m[1m[91m[ERROR] Exception in build process: [1m[91mError: [90msrc/build.hpp:78[0;0;0m Execution failed[0;0;0m
[90m[2024-01-06 11:26:25.694] [0;0;0m[1m[91m[ERROR] Command output contains error(s).[0;0;0m
[90m[2024-01-06 11:26:25.694] [0;0;0m[1m[91m[ERROR] Exception in build process: [1m[91mError: [90msrc/build.hpp:78[0;0;0m Execution failed[0;0;0m
[90m[2024-01-06 11:27:23.590] [0;0;0m[1m[91m[ERROR] Command output contains error(s).[0;0;0m
[90m[2024-01-06 11:27:23.590] [0;0;0m[1m[91m[ERROR] Exception in build process: [1m[91mError: [90msrc/build.hpp:78[0;0;0m Execution failed[0;0;0m
[90m[2024-01-06 11:27:36.251] [0;0;0m[1m[91m[ERROR] Command output contains error(s).[0;0;0m
[90m[2024-01-06 11:27:36.252] [0;0;0m[1m[91m[ERROR] Exception in build process: [1m[91mError: [90msrc/build.hpp:78[0;0;0m Execution failed[0;0;0m
[90m[2024-01-06 11:28:46.381] [0;0;0m[1m[91m[ERROR] Command output contains error(s).[0;0;0m
[90m[2024-01-06 11:28:46.382] [0;0;0m[1m[91m[ERROR] Exception in build process: [1m[91mError: [90msrc/build.hpp:78[0;0;0m Execution failed[0;0;0m
[90m[2024-01-06 11:29:09.805] [0;0;0m[1m[91m[ERROR] Command output contains error(s).[0;0;0m
[90m[2024-01-06 11:29:09.805] [0;0;0m[1m[91m[ERROR] Exception in build process: [1m[91mError: [90msrc/build.hpp:78[0;0;0m Execution failed[0;0;0m
[90m[2024-01-06 11:30:16.277] [0;0;0m[1m[91m[ERROR] Command output contains error(s).[0;0;0m
[90m[2024-01-06 11:30:16.277] [0;0;0m[1m[91m[ERROR] Exception in build process: [1m[91mError: [90msrc/build.hpp:78[0;0;0m Execution failed[0;0;0m
[90m[2024-01-06 11:31:24.410] [0;0;0m[1m[91m[ERROR] Command output contains error(s).[0;0;0m
[90m[2024-01-06 11:31:24.410] [0;0;0m[1m[91m[ERROR] Exception in build process: [1m[91mError: [90msrc/build.hpp:78[0;0;0m Execution failed[0;0;0m
[90m[2024-01-06 11:32:06.945] [0;0;0m[1m[91m[ERROR] Command output contains error(s).[0;0;0m
[90m[2024-01-06 11:32:06.946] [0;0;0m[1m[91m[ERROR] Exception in build process: [1m[91mError: [90msrc/build.hpp:78[0;0;0m Execution failed[0;0;0m
[90m[2024-01-06 11:32:42.902] [0;0;0m[1m[91m[ERROR] Command output contains error(s).[0;0;0m
[90m[2024-01-06 11:32:42.902] [0;0;0m[1m[91m[ERROR] Exception in build process: [1m[91mError: [90msrc/build.hpp:78[0;0;0m Execution failed[0;0;0m
[90m[2024-01-06 11:33:01.815] [0;0;0m[1m[91m[ERROR] Command output contains error(s).[0;0;0m
[90m[2024-01-06 11:33:01.815] [0;0;0m[1m[91m[ERROR] Exception in build process: [1m[91mError: [90msrc/build.hpp:78[0;0;0m Execution failed[0;0;0m
[90m[2024-01-06 11:33:26.224] [0;0;0m[1m[91m[ERROR] Command output contains error(s).[0;0;0m
[90m[2024-01-06 11:33:26.224] [0;0;0m[1m[91m[ERROR] Exception in build process: [1m[91mError: [90msrc/build.hpp:78[0;0;0m Execution failed[0;0;0m
[90m[2024-01-06 11:34:09.014] [0;0;0m[1m[91m[ERROR] Command output contains error(s).[0;0;0m
[90m[2024-01-06 11:34:09.015] [0;0;0m[1m[91m[ERROR] Exception in build process: [1m[91mError: [90msrc/build.hpp:78[0;0;0m Execution failed[0;0;0m
[90m[2024-01-06 11:35:11.564] [0;0;0m[1m[91m[ERROR] Command output contains error(s).[0;0;0m
[90m[2024-01-06 11:35:11.565] [0;0;0m[1m[91m[ERROR] Exception in build process: [1m[91mError: [90msrc/build.hpp:78[0;0;0m Execution failed[0;0;0m
[90m[2024-01-06 11:35:29.451] [0;0;0m[1m[91m[ERROR] Command output contains error(s).[0;0;0m
[90m[2024-01-06 11:35:29.452] [0;0;0m[1m[91m[ERROR] Exception in build process: [1m[91mError: [90msrc/build.hpp:78[0;0;0m Execution failed[0;0;0m
[90m[2024-01-06 11:36:19.346] [0;0;0m[1m[91m[ERROR] Command output contains error(s).[0;0;0m
[90m[2024-01-06 11:36:19.346] [0;0;0m[1m[91m[ERROR] Exception in build process: [1m[91mError: [90msrc/build.hpp:78[0;0;0m Execution failed[0;0;0m
[90m[2024-01-06 11:36:36.973] [0;0;0m[1m[91m[ERROR] Command output contains error(s).[0;0;0m
[90m[2024-01-06 11:36:36.973] [0;0;0m[1m[91m[ERROR] Exception in build process: [1m[91mError: [90msrc/build.hpp:78[0;0;0m Execution failed[0;0;0m
[90m[2024-01-06 11:36:55.084] [0;0;0m[1m[91m[ERROR] Command output contains error(s).[0;0;0m
[90m[2024-01-06 11:36:55.084] [0;0;0m[1m[91m[ERROR] Exception in build process: [1m[91mError: [90msrc/build.hpp:78[0;0;0m Execution failed[0;0;0m
[90m[2024-01-06 11:37:54.817] [0;0;0m[1m[91m[ERROR] Command output contains error(s).[0;0;0m
[90m[2024-01-06 11:37:54.817] [0;0;0m[1m[91m[ERROR] Exception in build process: [1m[91mError: [90msrc/build.hpp:78[0;0;0m Execution failed[0;0;0m
[90m[2024-01-06 11:38:04.644] [0;0;0m[1m[91m[ERROR] Command output contains error(s).[0;0;0m
[90m[2024-01-06 11:38:04.644] [0;0;0m[1m[91m[ERROR] Exception in build process: [1m[91mError: [90msrc/build.hpp:104[0;0;0m Execution failed[0;0;0m
[90m[2024-01-06 11:39:37.497] [0;0;0m[1m[91m[ERROR] Command output contains error(s).[0;0;0m
[90m[2024-01-06 11:39:37.498] [0;0;0m[1m[91m[ERROR] Exception in build process: [1m[91mError: [90msrc/build.hpp:104[0;0;0m Execution failed[0;0;0m
[90m[2024-01-06 11:39:53.680] [0;0;0m[1m[91m[ERROR] Exception in build process: [1m[91mError: [90mclib/args.hpp:24[0;0;0m Invalid argument key: -lX11 -lXtst -ljpeg[0;0;0m
[90m[2024-01-06 11:40:31.271] [0;0;0m[1m[91m[ERROR] Exception in build process: [1m[91mError: [90mclib/args.hpp:24[0;0;0m Invalid argument key: -lX11 -lXtst -ljpeg[0;0;0m
[90m[2024-01-06 11:40:33.792] [0;0;0m[1m[91m[ERROR] Exception in build process: [1m[91mError: [90mclib/args.hpp:24[0;0;0m Invalid argument key: -lX11 -lXtst -ljpeg[0;0;0m
[90m[2024-01-06 11:43:31.551] [0;0;0m[1m[91m[ERROR] Exception in build process: [1m[91mError: [90mclib/args.hpp:24[0;0;0m Invalid argument key: -lX11 -lXtst -ljpeg[0;0;0m
[90m[2024-01-06 11:54:05.149] [0;0;0m[1m[91m[ERROR] Exception in build process: [1m[91mError: [90mclib/files.hpp:111[0;0;0m Unable to open file for reading: build/release/hppcut/src/EventTrigger.h[0;0;0m
[90m[2024-01-06 11:56:57.443] [0;0;0m[1m[91m[ERROR] Exception in build process: [1m[91mError: [90mclib/files.hpp:111[0;0;0m Unable to open file for reading: build/release/hppcut/src/EventTrigger.h[0;0;0m
[90m[2024-01-06 11:58:56.194] [0;0;0m[1m[91m[ERROR] Exception in build process: [1m[91mError: [90mclib/files.hpp:111[0;0;0m Unable to open file for reading: build/release/hppcut/src/EventTrigger.h[0;0;0m
[90m[2024-01-06 11:59:14.318] [0;0;0m[1m[91m[ERROR] Exception in build process: [1m[91mError: [90mclib/files.hpp:111[0;0;0m Unable to open file for reading: build/release/hppcut/src/EventTrigger.h[0;0;0m
[90m[2024-01-06 12:03:33.147] [0;0;0m[1m[91m[ERROR] Exception in build process: [1m[91mError: [90mclib/files.hpp:111[0;0;0m Unable to open file for reading: build/release/hppcut/src/EventTrigger.h[0;0;0m
[90m[2024-01-06 12:05:26.813] [0;0;0m[1m[91m[ERROR] Exception in build process: [1m[91mError: [90mclib/files.hpp:111[0;0;0m Unable to open file for reading: build/release/hppcut/src/EventTrigger.h[0;0;0m
[90m[2024-01-06 12:06:47.084] [0;0;0m[1m[91m[ERROR] Exception in build process: [1m[91mError: [90mclib/files.hpp:111[0;0;0m Unable to open file for reading: build/release/hppcut/src/EventTrigger.h[0;0;0m
[90m[2024-01-06 12:07:17.972] [0;0;0m[1m[91m[ERROR] Exception in build process: [1m[91mError: [90mclib/files.hpp:111[0;0;0m Unable to open file for reading: build/release/hppcut/src/EventTrigger.h[0;0;0m
[90m[2024-01-06 12:27:37.100] [0;0;0m[1m[91m[ERROR] Exception in build process: [1m[91mError: [90mclib/files.hpp:111[0;0;0m Unable to open file for reading: build/release/hppcut/src/EventTrigger.h[0;0;0m
[90m[2024-01-06 12:27:49.486] [0;0;0m[1m[91m[ERROR] Exception in build process: [1m[91mError: [90mclib/files.hpp:111[0;0;0m Unable to open file for reading: build/release/hppcut/src/EventTrigger.h[0;0;0m
[90m[2024-01-06 12:28:07.507] [0;0;0m[1m[91m[ERROR] Exception in build process: [1m[91mError: [90mclib/files.hpp:111[0;0;0m Unable to open file for reading: build/release/hppcut/src/EventTrigger.h[0;0;0m
[90m[2024-01-06 12:29:08.036] [0;0;0m[1m[91m[ERROR] Exception in build process: [1m[91mError: [90mclib/files.hpp:111[0;0;0m Unable to open file for reading: /tests.cpp[0;0;0m
[90m[2024-01-06 12:29:11.802] [0;0;0m[1m[91m[ERROR] Exception in build process: [1m[91mError: [90mclib/files.hpp:111[0;0;0m Unable to open file for reading: /tests.cpp[0;0;0m
[90m[2024-01-06 12:30:26.258] [0;0;0m[1m[91m[ERROR] Exception in build process: [1m[91mError: [90mclib/files.hpp:111[0;0;0m Unable to open file for reading: /tests.cpp[0;0;0m
[90m[2024-01-06 12:30:35.889] [0;0;0m[1m[91m[ERROR] Exception in build process: [1m[91mError: [90mclib/files.hpp:111[0;0;0m Unable to open file for reading: /src/EventTrigger.hpp[0;0;0m
[90m[2024-01-06 12:34:11.679] [0;0;0m[1m[91m[ERROR] Command output contains error(s).[0;0;0m
[90m[2024-01-06 12:34:11.679] [0;0;0m[1m[91m[ERROR] Exception in build process: [1m[91mError: [90msrc/build.hpp:78[0;0;0m Execution failed[0;0;0m
[90m[2024-01-06 12:38:27.771] [0;0;0m[1m[91m[ERROR] Command output contains error(s).[0;0;0m
[90m[2024-01-06 12:38:27.771] [0;0;0m[1m[91m[ERROR] Exception in build process: [1m[91mError: [90msrc/build.hpp:78[0;0;0m Execution failed[0;0;0m
[90m[2024-01-06 13:33:26.268] [0;0;0m[1m[91m[ERROR] Command exit code is non-zero: 1[0;0;0m
[90m[2024-01-06 13:33:26.269] [0;0;0m[1m[91m[ERROR] Exception in build process: [1m[91mError: [90msrc/build.hpp:113[0;0;0m Execution failed[0;0;0m
[90m[2024-01-06 13:39:01.288] [0;0;0m[1m[91m[ERROR] Exception in build process: [1m[91mError: [90mclib/files.hpp:119[0;0;0m Unable to open file for reading: /home/gyula/c/remote-desk//src/fileio.hpp[0;0;0m
[90m[2024-01-06 13:40:09.869] [0;0;0m[1m[91m[ERROR] Exception in build process: [1m[91mError: [90mclib/files.hpp:119[0;0;0m Unable to open file for reading: /home/gyula/c/remote-desk//src/fileio.hpp[0;0;0m
[90m[2024-01-06 13:40:35.676] [0;0;0m[1m[91m[ERROR] Exception in build process: [1m[91mError: [90mclib/files.hpp:119[0;0;0m Unable to open file for reading: /home/gyula/c/remote-desk/src/fileio.hpp[0;0;0m
[90m[2024-01-06 13:42:19.625] [0;0;0m[1m[91m[ERROR] Exception in build process: [1m[91mError: [90mclib/files.hpp:119[0;0;0m Unable to open file for reading: /home/gyula/c/remote-desk/src/libs/clib/clib/files.hpp[0;0;0m
[90m[2024-01-06 13:42:31.845] [0;0;0m[1m[91m[ERROR] Exception in build process: [1m[91mError: [90mclib/files.hpp:119[0;0;0m Unable to open file for reading: /home/gyula/c/remote-desk/src/fileio.hpp[0;0;0m
[90m[2024-01-06 13:42:52.066] [0;0;0m[1m[91m[ERROR] Exception in build process: [1m[91mError: [90mclib/files.hpp:119[0;0;0m Unable to open file for reading: /home/gyula/c/remote-desk/src/fileio.hpp[0;0;0m
[90m[2024-01-06 13:43:00.399] [0;0;0m[1m[91m[ERROR] Exception in build process: [1m[91mError: [90mclib/files.hpp:119[0;0;0m Unable to open file for reading: /home/gyula/c/remote-desk/src/fileio.hpp[0;0;0m
[90m[2024-01-06 13:43:40.522] [0;0;0m[1m[91m[ERROR] Command output contains error(s).[0;0;0m
[90m[2024-01-06 13:43:40.522] [0;0;0m[1m[91m[ERROR] Exception in build process: [1m[91mError: [90msrc/build.hpp:78[0;0;0m Execution failed[0;0;0m
[90m[2024-01-06 13:44:05.282] [0;0;0m[1m[91m[ERROR] Exception in build process: [1m[91mError: [90mclib/files.hpp:104[0;0;0m Unable to get file information: /libs/clib/clib/Log.hpp[0;0;0m
[90m[2024-01-06 13:45:22.378] [0;0;0m[1m[91m[ERROR] Exception in build process: [1m[91mError: [90mclib/files.hpp:104[0;0;0m Unable to get file information: /libs/clib/clib/Log.hpp[0;0;0m
[90m[2024-01-06 13:45:38.204] [0;0;0m[1m[91m[ERROR] Exception in build process: [1m[91mError: [90mclib/files.hpp:104[0;0;0m Unable to get file information: /libs/clib/clib/Log.hpp[0;0;0m
[90m[2024-01-06 13:46:42.968] [0;0;0m[1m[91m[ERROR] Command output contains error(s).[0;0;0m
[90m[2024-01-06 13:46:42.968] [0;0;0m[1m[91m[ERROR] Exception in build process: [1m[91mError: [90msrc/build.hpp:78[0;0;0m Execution failed[0;0;0m
[90m[2024-01-06 13:48:32.218] [0;0;0m[1m[91m[ERROR] Exception in build process: [1m[91mError: [90mclib/files.hpp:104[0;0;0m Unable to get file information: /libs/clib/clib/Log.hpp[0;0;0m
[90m[2024-01-06 13:49:11.848] [0;0;0m[1m[91m[ERROR] Command output contains error(s).[0;0;0m
[90m[2024-01-06 13:49:11.848] [0;0;0m[1m[91m[ERROR] Exception in build process: [1m[91mError: [90msrc/build.hpp:104[0;0;0m Execution failed[0;0;0m
[90m[2024-01-06 13:52:39.125] [0;0;0m[1m[91m[ERROR] Exception in build process: [1m[91mError: [90mclib/files.hpp:104[0;0;0m Unable to get file information: /libs/clib/clib/err.hpp[0;0;0m
[90m[2024-01-06 13:53:19.064] [0;0;0m[1m[91m[ERROR] Command exit code is non-zero: 1[0;0;0m
[90m[2024-01-06 13:53:19.064] [0;0;0m[1m[91m[ERROR] Exception in build process: [1m[91mError: [90msrc/build.hpp:113[0;0;0m Execution failed[0;0;0m
[90m[2024-01-06 13:54:56.390] [0;0;0m[1m[91m[ERROR] Exception in build process: [1m[91mError: [90mclib/files.hpp:104[0;0;0m Unable to get file information: /libs/clib/clib/err.hpp[0;0;0m
[90m[2024-01-06 13:55:19.318] [0;0;0m[1m[91m[ERROR] Exception in build process: [1m[91mError: [90mclib/files.hpp:104[0;0;0m Unable to get file information: /libs/clib/clib/err.hpp[0;0;0m
[90m[2024-01-06 13:55:56.477] [0;0;0m[1m[91m[ERROR] Command exit code is non-zero: 1[0;0;0m
[90m[2024-01-06 13:55:56.477] [0;0;0m[1m[91m[ERROR] Exception in build process: [1m[91mError: [90msrc/build.hpp:113[0;0;0m Execution failed[0;0;0m
[90m[2024-01-06 13:56:04.122] [0;0;0m[1m[91m[ERROR] Exception in build process: [1m[91mError: [90mclib/files.hpp:104[0;0;0m Unable to get file information: /libs/clib/clib/err.hpp[0;0;0m
[90m[2024-01-06 13:59:31.140] [0;0;0m[1m[91m[ERROR] Exception in build process: [1m[91mError: [90mclib/files.hpp:104[0;0;0m Unable to get file information: /libs/clib/clib/err.hpp[0;0;0m
[90m[2024-01-06 14:00:11.112] [0;0;0m[1m[91m[ERROR] Command exit code is non-zero: 1[0;0;0m
[90m[2024-01-06 14:00:11.114] [0;0;0m[1m[91m[ERROR] Exception in build process: [1m[91mError: [90msrc/build.hpp:113[0;0;0m Execution failed[0;0;0m
[90m[2024-01-06 14:00:58.010] [0;0;0m[1m[91m[ERROR] Exception in build process: [1m[91mError: [90mclib/files.hpp:104[0;0;0m Unable to get file information: /libs/clib/clib/err.hpp[0;0;0m
[90m[2024-01-06 14:01:57.587] [0;0;0m[1m[91m[ERROR] Command exit code is non-zero: 1[0;0;0m
[90m[2024-01-06 14:01:57.587] [0;0;0m[1m[91m[ERROR] Exception in build process: [1m[91mError: [90msrc/build.hpp:113[0;0;0m Execution failed[0;0;0m
[90m[2024-01-06 14:02:05.266] [0;0;0m[1m[91m[ERROR] Command exit code is non-zero: 1[0;0;0m
[90m[2024-01-06 14:02:05.266] [0;0;0m[1m[91m[ERROR] Exception in build process: [1m[91mError: [90msrc/build.hpp:113[0;0;0m Execution failed[0;0;0m
